<?xml version="1.0" encoding="utf-8"?><testsuites><testsuite name="pytest" errors="0" failures="0" skipped="0" tests="3" time="0.059" timestamp="2020-11-08T23:25:47.526835" hostname="LAPTOP-J1NP1QUS"><testcase classname="test_sequence.SequenceTestCase" name="test_calculate_weight" time="0.001" /><testcase classname="test_sequence.SequenceTestCase" name="test_get_nucleotides" time="0.001" /><testcase classname="test_sequence.SequenceTestCase" name="test_get_weight" time="0.001" /></testsuite></testsuites>